<?xml version="1.0" encoding="UTF-8"?>
<!-- Generated by org.testng.reporters.JUnitXMLReporter -->
<testsuite hostname="AS-40" ignored="0" name="Default test" tests="6" failures="0" timestamp="2022-03-12T11:41:46 EET" time="0.044" errors="0">
  <testcase name="@BeforeTest beforeTest" time="-1.647078106808E9" classname="com.ERA.base.Base">
    <failure type="org.testng.TestNGException" message="
Parameter &amp;apos;deviceName&amp;apos; is required by BeforeTest on method beforeTest but has not been marked @Optional or defined
in C:\Users\amira\AppData\Local\Temp\testng-eclipse-184968747\testng-customsuite.xml">
      <![CDATA[org.testng.TestNGException: 
Parameter 'deviceName' is required by BeforeTest on method beforeTest but has not been marked @Optional or defined
in C:\Users\amira\AppData\Local\Temp\testng-eclipse-184968747\testng-customsuite.xml
at org.testng.internal.Parameters.createParams(Parameters.java:270)
at org.testng.internal.Parameters.createParametersForMethod(Parameters.java:358)
at org.testng.internal.Parameters.createParameters(Parameters.java:700)
at org.testng.internal.Parameters.createConfigurationParameters(Parameters.java:168)
at org.testng.internal.ConfigInvoker.invokeConfigurations(ConfigInvoker.java:302)
at org.testng.TestRunner.invokeTestConfigurations(TestRunner.java:637)
at org.testng.TestRunner.beforeRun(TestRunner.java:627)
at org.testng.TestRunner.run(TestRunner.java:589)
at org.testng.SuiteRunner.runTest(SuiteRunner.java:377)
at org.testng.SuiteRunner.runSequentially(SuiteRunner.java:371)
at org.testng.SuiteRunner.privateRun(SuiteRunner.java:332)
at org.testng.SuiteRunner.run(SuiteRunner.java:276)
at org.testng.SuiteRunnerWorker.runSuite(SuiteRunnerWorker.java:53)
at org.testng.SuiteRunnerWorker.run(SuiteRunnerWorker.java:96)
at org.testng.TestNG.runSuitesSequentially(TestNG.java:1212)
at org.testng.TestNG.runSuitesLocally(TestNG.java:1134)
at org.testng.TestNG.runSuites(TestNG.java:1063)
at org.testng.TestNG.run(TestNG.java:1031)
at org.testng.remote.AbstractRemoteTestNG.run(AbstractRemoteTestNG.java:115)
at org.testng.remote.RemoteTestNG.initAndRun(RemoteTestNG.java:251)
at org.testng.remote.RemoteTestNG.main(RemoteTestNG.java:77)
]]>
    </failure>
  </testcase> <!-- @BeforeTest beforeTest -->
  <testcase name="@BeforeMethod beforeMethod" time="-1.647078106829E9" classname="com.ERA.base.Base">
    <skipped/>
  </testcase> <!-- @BeforeMethod beforeMethod -->
  <testcase name="@AfterMethod afterMethod" time="-1.647078106832E9" classname="com.ERA.base.Base">
    <skipped/>
  </testcase> <!-- @AfterMethod afterMethod -->
  <testcase name="@BeforeMethod beforeMethod" time="-1.647078106834E9" classname="com.ERA.base.Base">
    <skipped/>
  </testcase> <!-- @BeforeMethod beforeMethod -->
  <testcase name="@AfterMethod afterMethod" time="-1.647078106837E9" classname="com.ERA.base.Base">
    <skipped/>
  </testcase> <!-- @AfterMethod afterMethod -->
  <testcase name="@BeforeMethod beforeMethod" time="-1.647078106838E9" classname="com.ERA.base.Base">
    <skipped/>
  </testcase> <!-- @BeforeMethod beforeMethod -->
  <testcase name="@AfterMethod afterMethod" time="-1.647078106841E9" classname="com.ERA.base.Base">
    <skipped/>
  </testcase> <!-- @AfterMethod afterMethod -->
  <testcase name="@BeforeMethod beforeMethod" time="-1.647078106842E9" classname="com.ERA.base.Base">
    <skipped/>
  </testcase> <!-- @BeforeMethod beforeMethod -->
  <testcase name="@AfterMethod afterMethod" time="-1.647078106844E9" classname="com.ERA.base.Base">
    <skipped/>
  </testcase> <!-- @AfterMethod afterMethod -->
  <testcase name="@BeforeMethod beforeMethod" time="-1.647078106845E9" classname="com.ERA.base.Base">
    <skipped/>
  </testcase> <!-- @BeforeMethod beforeMethod -->
  <testcase name="@AfterMethod afterMethod" time="-1.647078106847E9" classname="com.ERA.base.Base">
    <skipped/>
  </testcase> <!-- @AfterMethod afterMethod -->
  <testcase name="@BeforeMethod beforeMethod" time="-1.647078106848E9" classname="com.ERA.base.Base">
    <skipped/>
  </testcase> <!-- @BeforeMethod beforeMethod -->
  <testcase name="@AfterMethod afterMethod" time="-1.64707810685E9" classname="com.ERA.base.Base">
    <skipped/>
  </testcase> <!-- @AfterMethod afterMethod -->
  <testcase name="selectTowingService" time="0.0" classname="com.ERA.testcases.addNormalTowingRequestTest">
    <skipped/>
  </testcase> <!-- selectTowingService -->
  <testcase name="selectNormalTowing" time="0.0" classname="com.ERA.testcases.addNormalTowingRequestTest">
    <skipped/>
  </testcase> <!-- selectNormalTowing -->
  <testcase name="AddingDestination" time="0.0" classname="com.ERA.testcases.addNormalTowingRequestTest">
    <skipped/>
  </testcase> <!-- AddingDestination -->
  <testcase name="ClickSearchDest" time="0.0" classname="com.ERA.testcases.addNormalTowingRequestTest">
    <skipped/>
  </testcase> <!-- ClickSearchDest -->
  <testcase name="SendDestLocation" time="0.0" classname="com.ERA.testcases.addNormalTowingRequestTest">
    <skipped/>
  </testcase> <!-- SendDestLocation -->
  <testcase name="ClickSearchItem" time="0.0" classname="com.ERA.testcases.addNormalTowingRequestTest">
    <skipped/>
  </testcase> <!-- ClickSearchItem -->
</testsuite> <!-- Default test -->
